<?xml version="1.0" encoding="UTF-8"?>
<!-- Generated by org.testng.reporters.JUnitXMLReporter -->
<testsuite ignored="1" hostname="DEEP" failures="0" tests="4" name="Surefire test" time="0.09" errors="0" timestamp="2025-03-26T09:57:29 IST">
  <testcase classname="Sample.TestNGPratice" name="createUser" time="0.008"/>
  <testcase classname="Sample.TestNGPratice" name="createUser" time="0.002"/>
  <testcase classname="Sample.TestNGPratice" name="createUser" time="0.002"/>
  <testcase classname="Sample.TestNGPratice" name="modifyUser" time="0.001"/>
  <testcase classname="Sample.TestNGPratice" name="deleteUser" time="0.0">
    <ignored/>
  </testcase> <!-- deleteUser -->
</testsuite> <!-- Surefire test -->
