<?xml version="1.0" encoding="UTF-8"?>
<testng-results ignored="0" total="1" passed="1" failed="0" skipped="0">
  <reporter-output>
  </reporter-output>
  <suite started-at="2025-03-26T10:45:40 IST" name="Default suite" finished-at="2025-03-26T10:46:05 IST" duration-ms="25553">
    <groups>
      <group name="Sanity">
        <method signature="TC_006.CON_003()[pri:0, instance:testCaseRepo.TC_006@24313fcc]" name="CON_003" class="testCaseRepo.TC_006"/>
      </group> <!-- Sanity -->
      <group name="Smoke">
        <method signature="TC_006.CON_003()[pri:0, instance:testCaseRepo.TC_006@24313fcc]" name="CON_003" class="testCaseRepo.TC_006"/>
      </group> <!-- Smoke -->
    </groups>
    <test started-at="2025-03-26T10:45:40 IST" name="Default test" finished-at="2025-03-26T10:46:05 IST" duration-ms="25553">
      <class name="testCaseRepo.TC_006">
        <test-method is-config="true" signature="dbConnection()[pri:0, instance:testCaseRepo.TC_006@24313fcc]" started-at="2025-03-26T10:45:40 IST" name="dbConnection" finished-at="2025-03-26T10:45:40 IST" duration-ms="29" status="PASS">
          <reporter-output>
          </reporter-output>
        </test-method> <!-- dbConnection -->
        <test-method is-config="true" signature="launchBrowser(java.lang.String)[pri:0, instance:testCaseRepo.TC_006@24313fcc]" started-at="2025-03-26T10:45:40 IST" name="launchBrowser" finished-at="2025-03-26T10:45:45 IST" duration-ms="4987" status="PASS">
          <params>
            <param index="0">
              <value>
                <![CDATA[chrome]]>
              </value>
            </param>
          </params>
          <reporter-output>
          </reporter-output>
        </test-method> <!-- launchBrowser -->
        <test-method is-config="true" signature="loginOperation()[pri:0, instance:testCaseRepo.TC_006@24313fcc]" started-at="2025-03-26T10:45:45 IST" name="loginOperation" finished-at="2025-03-26T10:45:49 IST" duration-ms="4055" status="PASS">
          <reporter-output>
          </reporter-output>
        </test-method> <!-- loginOperation -->
        <test-method signature="CON_003()[pri:0, instance:testCaseRepo.TC_006@24313fcc]" started-at="2025-03-26T10:45:49 IST" name="CON_003" finished-at="2025-03-26T10:46:03 IST" duration-ms="14301" status="PASS">
          <reporter-output>
          </reporter-output>
        </test-method> <!-- CON_003 -->
        <test-method is-config="true" signature="logoutOperation()[pri:0, instance:testCaseRepo.TC_006@24313fcc]" started-at="2025-03-26T10:46:03 IST" name="logoutOperation" finished-at="2025-03-26T10:46:05 IST" duration-ms="1806" status="PASS">
          <reporter-output>
          </reporter-output>
        </test-method> <!-- logoutOperation -->
        <test-method is-config="true" signature="closeBrowser()[pri:0, instance:testCaseRepo.TC_006@24313fcc]" started-at="2025-03-26T10:46:05 IST" name="closeBrowser" finished-at="2025-03-26T10:46:05 IST" duration-ms="331" status="PASS">
          <reporter-output>
          </reporter-output>
        </test-method> <!-- closeBrowser -->
        <test-method is-config="true" signature="closeDBConnection()[pri:0, instance:testCaseRepo.TC_006@24313fcc]" started-at="2025-03-26T10:46:05 IST" name="closeDBConnection" finished-at="2025-03-26T10:46:05 IST" duration-ms="1" status="PASS">
          <reporter-output>
          </reporter-output>
        </test-method> <!-- closeDBConnection -->
      </class> <!-- testCaseRepo.TC_006 -->
    </test> <!-- Default test -->
  </suite> <!-- Default suite -->
</testng-results>
